[Fri Nov 29 09:37:10.528386 2019] [mpm_winnt:notice] [pid 9712:tid 732] AH00455: Apache/2.4.41 (Win32) PHP/7.3.11 configured -- resuming normal operations
[Fri Nov 29 09:37:10.529386 2019] [mpm_winnt:notice] [pid 9712:tid 732] AH00456: Apache Lounge VC15 Server built: Aug 11 2019 11:47:29
[Fri Nov 29 09:37:10.529386 2019] [core:notice] [pid 9712:tid 732] AH00094: Command line: 'D:\\Projects\\Unicontroller\\z_controller\\UniServerZ\\UniServerZ_14_0_1\\core\\apache2\\bin\\httpd_z.exe -d D:/Projects/Unicontroller/z_controller/UniServerZ/UniServerZ_14_0_1/core/apache2 -f D:\\Projects\\Unicontroller\\z_controller\\UniServerZ\\UniServerZ_14_0_1\\core\\apache2\\conf\\httpd.conf -d D:\\Projects\\Unicontroller\\z_controller\\UniServerZ\\UniServerZ_14_0_1\\core\\apache2'
[Fri Nov 29 09:37:12.340381 2019] [mpm_winnt:notice] [pid 9712:tid 732] AH00418: Parent: Created child process 6940
[Fri Nov 29 09:37:17.949755 2019] [mpm_winnt:notice] [pid 6940:tid 772] AH00354: Child: Starting 150 worker threads.
[Fri Nov 29 09:38:29.971162 2019] [core:warn] [pid 11968:tid 620] AH00098: pid file D:/Projects/Unicontroller/z_controller/UniServerZ/UniServerZ_14_0_1/core/apache2/logs/httpd.pid overwritten -- Unclean shutdown of previous Apache run?
[Fri Nov 29 09:38:30.008175 2019] [mpm_winnt:notice] [pid 11968:tid 620] AH00455: Apache/2.4.41 (Win32) PHP/7.3.11 configured -- resuming normal operations
[Fri Nov 29 09:38:30.008175 2019] [mpm_winnt:notice] [pid 11968:tid 620] AH00456: Apache Lounge VC15 Server built: Aug 11 2019 11:47:29
[Fri Nov 29 09:38:30.008175 2019] [core:notice] [pid 11968:tid 620] AH00094: Command line: 'D:\\Projects\\Unicontroller\\z_controller\\UniServerZ\\UniServerZ_14_0_1\\core\\apache2\\bin\\httpd_z.exe -d D:/Projects/Unicontroller/z_controller/UniServerZ/UniServerZ_14_0_1/core/apache2 -f D:\\Projects\\Unicontroller\\z_controller\\UniServerZ\\UniServerZ_14_0_1\\core\\apache2\\conf\\httpd.conf -d D:\\Projects\\Unicontroller\\z_controller\\UniServerZ\\UniServerZ_14_0_1\\core\\apache2'
[Fri Nov 29 09:38:30.044175 2019] [mpm_winnt:notice] [pid 11968:tid 620] AH00418: Parent: Created child process 5432
[Fri Nov 29 09:38:33.852718 2019] [mpm_winnt:notice] [pid 5432:tid 812] AH00354: Child: Starting 150 worker threads.
[Sat Nov 30 09:03:13.506064 2019] [core:warn] [pid 12884:tid 596] AH00098: pid file D:/Projects/Unicontroller/z_controller/UniServerZ/UniServerZ_14_0_1/core/apache2/logs/httpd.pid overwritten -- Unclean shutdown of previous Apache run?
[Sat Nov 30 09:03:14.789134 2019] [mpm_winnt:notice] [pid 12884:tid 596] AH00455: Apache/2.4.41 (Win32) PHP/7.3.11 configured -- resuming normal operations
[Sat Nov 30 09:03:14.790136 2019] [mpm_winnt:notice] [pid 12884:tid 596] AH00456: Apache Lounge VC15 Server built: Aug 11 2019 11:47:29
[Sat Nov 30 09:03:14.790136 2019] [core:notice] [pid 12884:tid 596] AH00094: Command line: 'D:\\Projects\\Unicontroller\\z_controller\\UniServerZ\\UniServerZ_14_0_1\\core\\apache2\\bin\\httpd_z.exe -d D:/Projects/Unicontroller/z_controller/UniServerZ/UniServerZ_14_0_1/core/apache2 -f D:\\Projects\\Unicontroller\\z_controller\\UniServerZ\\UniServerZ_14_0_1\\core\\apache2\\conf\\httpd.conf -d D:\\Projects\\Unicontroller\\z_controller\\UniServerZ\\UniServerZ_14_0_1\\core\\apache2'
[Sat Nov 30 09:03:14.911153 2019] [mpm_winnt:notice] [pid 12884:tid 596] AH00418: Parent: Created child process 7648
[Sat Nov 30 09:03:17.969385 2019] [mpm_winnt:notice] [pid 7648:tid 712] AH00354: Child: Starting 150 worker threads.
[Sat Nov 30 18:49:54.383627 2019] [php7:error] [pid 7648:tid 1896] [client ::1:62401] PHP Fatal error:  Maximum execution time of 30 seconds exceeded in D:\\Projects\\Unicontroller\\z_controller\\UniServerZ\\UniServerZ_14_0_1\\home\\us_opt1\\libraries\\classes\\ErrorHandler.php on line 164
[Sat Nov 30 18:49:55.118004 2019] [php7:error] [pid 7648:tid 1920] [client ::1:62388] PHP Fatal error:  Maximum execution time of 30 seconds exceeded in D:\\Projects\\Unicontroller\\z_controller\\UniServerZ\\UniServerZ_14_0_1\\home\\us_opt1\\libraries\\classes\\ErrorHandler.php on line 164
[Sat Nov 30 20:39:27.360483 2019] [core:warn] [pid 10920:tid 624] AH00098: pid file D:/Projects/Unicontroller/z_controller/UniServerZ/UniServerZ_14_0_1/core/apache2/logs/httpd.pid overwritten -- Unclean shutdown of previous Apache run?
[Sat Nov 30 20:39:27.782364 2019] [mpm_winnt:notice] [pid 10920:tid 624] AH00455: Apache/2.4.41 (Win32) PHP/7.3.11 configured -- resuming normal operations
[Sat Nov 30 20:39:27.782364 2019] [mpm_winnt:notice] [pid 10920:tid 624] AH00456: Apache Lounge VC15 Server built: Aug 11 2019 11:47:29
[Sat Nov 30 20:39:27.782364 2019] [core:notice] [pid 10920:tid 624] AH00094: Command line: 'D:\\Projects\\Unicontroller\\z_controller\\UniServerZ\\UniServerZ_14_0_1\\core\\apache2\\bin\\httpd_z.exe -d D:/Projects/Unicontroller/z_controller/UniServerZ/UniServerZ_14_0_1/core/apache2 -f D:\\Projects\\Unicontroller\\z_controller\\UniServerZ\\UniServerZ_14_0_1\\core\\apache2\\conf\\httpd.conf -d D:\\Projects\\Unicontroller\\z_controller\\UniServerZ\\UniServerZ_14_0_1\\core\\apache2'
[Sat Nov 30 20:39:27.829232 2019] [mpm_winnt:notice] [pid 10920:tid 624] AH00418: Parent: Created child process 6852
[Sat Nov 30 20:39:30.197090 2019] [mpm_winnt:notice] [pid 6852:tid 768] AH00354: Child: Starting 150 worker threads.
[Sat Dec 07 09:35:56.745773 2019] [core:warn] [pid 12104:tid 696] AH00098: pid file D:/Projects/Unicontroller/z_controller/UniServerZ/UniServerZ_14_0_1/core/apache2/logs/httpd.pid overwritten -- Unclean shutdown of previous Apache run?
[Sat Dec 07 09:36:00.477217 2019] [mpm_winnt:notice] [pid 12104:tid 696] AH00455: Apache/2.4.41 (Win32) PHP/7.4.0 configured -- resuming normal operations
[Sat Dec 07 09:36:00.477217 2019] [mpm_winnt:notice] [pid 12104:tid 696] AH00456: Apache Lounge VC15 Server built: Aug 11 2019 11:47:29
[Sat Dec 07 09:36:00.477217 2019] [core:notice] [pid 12104:tid 696] AH00094: Command line: 'D:\\Projects\\Unicontroller\\z_controller\\UniServerZ\\UniServerZ_14_0_1\\core\\apache2\\bin\\httpd_z.exe -d D:/Projects/Unicontroller/z_controller/UniServerZ/UniServerZ_14_0_1/core/apache2 -f D:\\Projects\\Unicontroller\\z_controller\\UniServerZ\\UniServerZ_14_0_1\\core\\apache2\\conf\\httpd.conf -d D:\\Projects\\Unicontroller\\z_controller\\UniServerZ\\UniServerZ_14_0_1\\core\\apache2'
[Sat Dec 07 09:36:00.660764 2019] [mpm_winnt:notice] [pid 12104:tid 696] AH00418: Parent: Created child process 11432
[Sat Dec 07 09:36:03.858069 2019] [mpm_winnt:notice] [pid 11432:tid 728] AH00354: Child: Starting 150 worker threads.
[Sat Dec 07 10:07:59.116229 2019] [core:warn] [pid 15096:tid 672] AH00098: pid file D:/Projects/Unicontroller/z_controller/UniServerZ/UniServerZ_14_0_1/core/apache2/logs/httpd.pid overwritten -- Unclean shutdown of previous Apache run?
[Sat Dec 07 10:07:59.279055 2019] [mpm_winnt:notice] [pid 15096:tid 672] AH00455: Apache/2.4.41 (Win32) PHP/7.4.0 configured -- resuming normal operations
[Sat Dec 07 10:07:59.279055 2019] [mpm_winnt:notice] [pid 15096:tid 672] AH00456: Apache Lounge VC15 Server built: Aug 11 2019 11:47:29
[Sat Dec 07 10:07:59.279055 2019] [core:notice] [pid 15096:tid 672] AH00094: Command line: 'D:\\Projects\\Unicontroller\\z_controller\\UniServerZ\\UniServerZ_14_0_1\\core\\apache2\\bin\\httpd_z.exe -d D:/Projects/Unicontroller/z_controller/UniServerZ/UniServerZ_14_0_1/core/apache2 -f D:\\Projects\\Unicontroller\\z_controller\\UniServerZ\\UniServerZ_14_0_1\\core\\apache2\\conf\\httpd.conf -d D:\\Projects\\Unicontroller\\z_controller\\UniServerZ\\UniServerZ_14_0_1\\core\\apache2'
[Sat Dec 07 10:07:59.516703 2019] [mpm_winnt:notice] [pid 15096:tid 672] AH00418: Parent: Created child process 7820
[Sat Dec 07 10:08:03.366042 2019] [mpm_winnt:notice] [pid 7820:tid 764] AH00354: Child: Starting 150 worker threads.
[Thu Feb 13 15:47:18.637346 2020] [core:warn] [pid 28624:tid 768] AH00098: pid file C:/Users/manriquez/Downloads/server/UniServerZ/core/apache2/logs/httpd.pid overwritten -- Unclean shutdown of previous Apache run?
[Thu Feb 13 15:47:18.868351 2020] [mpm_winnt:notice] [pid 28624:tid 768] AH00455: Apache/2.4.41 (Win32) PHP/7.4.0 configured -- resuming normal operations
[Thu Feb 13 15:47:18.868351 2020] [mpm_winnt:notice] [pid 28624:tid 768] AH00456: Apache Lounge VC15 Server built: Aug 11 2019 11:47:29
[Thu Feb 13 15:47:18.868351 2020] [core:notice] [pid 28624:tid 768] AH00094: Command line: 'C:\\Users\\manriquez\\Downloads\\server\\UniServerZ\\core\\apache2\\bin\\httpd_z.exe -d C:/Users/manriquez/Downloads/server/UniServerZ/core/apache2 -f C:\\Users\\manriquez\\Downloads\\server\\UniServerZ\\core\\apache2\\conf\\httpd.conf -d C:\\Users\\manriquez\\Downloads\\server\\UniServerZ\\core\\apache2'
[Thu Feb 13 15:47:18.908349 2020] [mpm_winnt:notice] [pid 28624:tid 768] AH00418: Parent: Created child process 33680
[Thu Feb 13 15:47:23.515095 2020] [mpm_winnt:notice] [pid 33680:tid 836] AH00354: Child: Starting 150 worker threads.
